4
0
0
+ srun -u --mpi=pmi2 bash -c '
    source export_DDP_vars.sh
    TORCH_USE_CUDA_DSA=1 python train.py 
    '
2024-04-24 09:52:48,399 - root - INFO - --------------- Versions ---------------
2024-04-24 09:52:48,401 - root - INFO - Torch: 2.2.2+cu121
2024-04-24 09:52:48,401 - root - INFO - ----------------------------------------
2024-04-24 09:52:48,401 - root - INFO - ------------------ Configuration ------------------
2024-04-24 09:52:48,401 - root - INFO - Configuration file: /anvil/scratch/x-mzand/PanguWeather/config/PANGU.yaml
2024-04-24 09:52:48,401 - root - INFO - Configuration name: base_config
2024-04-24 09:52:48,401 - root - INFO - loss l1
2024-04-24 09:52:48,401 - root - INFO - lr 0.0005
2024-04-24 09:52:48,401 - root - INFO - weight_decay 3e-06
2024-04-24 09:52:48,401 - root - INFO - scheduler None
2024-04-24 09:52:48,405 - root - INFO - num_data_workers 4
2024-04-24 09:52:48,406 - root - INFO - dt 1
2024-04-24 09:52:48,406 - root - INFO - n_history 0
2024-04-24 09:52:48,406 - root - INFO - prediction_type iterative
2024-04-24 09:52:48,406 - root - INFO - prediction_length 41
2024-04-24 09:52:48,406 - root - INFO - n_initial_conditions 5
2024-04-24 09:52:48,406 - root - INFO - ics_type default
2024-04-24 09:52:48,406 - root - INFO - save_raw_forecasts True
2024-04-24 09:52:48,406 - root - INFO - save_channel False
2024-04-24 09:52:48,406 - root - INFO - masked_acc False
2024-04-24 09:52:48,406 - root - INFO - maskpath None
2024-04-24 09:52:48,406 - root - INFO - perturb False
2024-04-24 09:52:48,406 - root - INFO - add_grid False
2024-04-24 09:52:48,406 - root - INFO - N_grid_channels 0
2024-04-24 09:52:48,406 - root - INFO - gridtype sinusoidal
2024-04-24 09:52:48,406 - root - INFO - roll False
2024-04-24 09:52:48,406 - root - INFO - max_epochs 100
2024-04-24 09:52:48,406 - root - INFO - batch_size 2
2024-04-24 09:52:48,407 - root - INFO - mask_dir data/constant_mask
2024-04-24 09:52:48,407 - root - INFO - train_data_path data/h5/train
2024-04-24 09:52:48,407 - root - INFO - valid_data_path data/h5/val
2024-04-24 09:52:48,407 - root - INFO - inf_data_path data/h5/test
2024-04-24 09:52:48,407 - root - INFO - time_means_path_sfc data/stats/time_means_sfc.npy
2024-04-24 09:52:48,407 - root - INFO - global_means_path_sfc data/stats/global_means_sfc.npy
2024-04-24 09:52:48,407 - root - INFO - global_stds_path_sfc data/stats/global_stds_sfc.npy
2024-04-24 09:52:48,407 - root - INFO - time_means_path_pl data/stats/time_means_pl.npy
2024-04-24 09:52:48,407 - root - INFO - global_means_path_pl data/stats/global_means_pl.npy
2024-04-24 09:52:48,407 - root - INFO - global_stds_path_pl data/stats/global_stds_pl.npy
2024-04-24 09:52:48,407 - root - INFO - exp_dir results
2024-04-24 09:52:48,407 - root - INFO - log_to_screen True
2024-04-24 09:52:48,407 - root - INFO - log_to_wandb False
2024-04-24 09:52:48,407 - root - INFO - save_checkpoint True
2024-04-24 09:52:48,407 - root - INFO - enable_nhwc False
2024-04-24 09:52:48,407 - root - INFO - optimizer_type FusedAdam
2024-04-24 09:52:48,407 - root - INFO - crop_size_x None
2024-04-24 09:52:48,407 - root - INFO - crop_size_y None
2024-04-24 09:52:48,407 - root - INFO - normalization zscore
2024-04-24 09:52:48,407 - root - INFO - target default
2024-04-24 09:52:48,407 - root - INFO - plot_animations False
2024-04-24 09:52:48,407 - root - INFO - add_noise False
2024-04-24 09:52:48,407 - root - INFO - noise_std 0.3
2024-04-24 09:52:48,407 - root - INFO - nettype pangu
2024-04-24 09:52:48,407 - root - INFO - img_scale 2
2024-04-24 09:52:48,407 - root - INFO - epsilon_factor 0
2024-04-24 09:52:48,407 - root - INFO - world_size 4
2024-04-24 09:52:48,407 - root - INFO - global_batch_size 8
2024-04-24 09:52:48,407 - root - INFO - experiment_dir /anvil/scratch/x-mzand/PanguWeather/results/base_config/0001
2024-04-24 09:52:48,407 - root - INFO - checkpoint_path results/base_config/0001/training_checkpoints/ckpt.tar
2024-04-24 09:52:48,407 - root - INFO - best_checkpoint_path results/base_config/0001/training_checkpoints/best_ckpt.tar
2024-04-24 09:52:48,407 - root - INFO - resuming True
2024-04-24 09:52:48,408 - root - INFO - local_rank 0
2024-04-24 09:52:48,408 - root - INFO - enable_amp True
2024-04-24 09:52:48,408 - root - INFO - name base_config_0001
2024-04-24 09:52:48,408 - root - INFO - group Pangu_era5_base_config
2024-04-24 09:52:48,408 - root - INFO - project Pangu
2024-04-24 09:52:48,408 - root - INFO - entity proj-ai-weather
2024-04-24 09:52:48,408 - root - INFO - ---------------------------------------------------
2024-04-24 09:52:48,414 - root - INFO - rank 0, begin data loader init
2024-04-24 09:52:48,422 - root - INFO - Getting file stats from data/h5/train/1979_sfc.h5
2024-04-24 09:52:48,423 - root - INFO - Number of samples per year: 1460
2024-04-24 09:52:48,423 - root - INFO - Found data at path data/h5/train. Number of examples: 1460. Image Shape: 4 x 721 x 1440
2024-04-24 09:52:48,423 - root - INFO - Delta t: 6 hours
2024-04-24 09:52:48,423 - root - INFO - Including 0 hours of past history in training at a frequency of 6 hours
Traceback (most recent call last):
  File "/anvil/scratch/x-mzand/PanguWeather/train.py", line 490, in <module>
    trainer = Trainer(params, world_rank)
              ^^^^^^^^^^^^^^^^^^^^^^^^^^^
  File "/anvil/scratch/x-mzand/PanguWeather/train.py", line 47, in __init__
    self.valid_data_loader, self.valid_dataset = get_data_loader(
                                                 ^^^^^^^^^^^^^^^^
  File "/anvil/scratch/x-mzand/PanguWeather/utils/data_loader_multifiles.py", line 66, in get_data_loader
    dataset = GetDataset(params, files_pattern, train)
              ^^^^^^^^^^^^^^^^^^^^^^^^^^^^^^^^^^^^^^^^
  File "/anvil/scratch/x-mzand/PanguWeather/utils/data_loader_multifiles.py", line 92, in __init__
    self._get_files_stats()
  File "/anvil/scratch/x-mzand/PanguWeather/utils/data_loader_multifiles.py", line 108, in _get_files_stats
    with h5py.File(self.files_paths_sfc[0], 'r') as _f:
                   ~~~~~~~~~~~~~~~~~~~~^^^
IndexError: list index out of range
2024-04-24 09:52:48,901 - root - INFO - rank 1, begin data loader init
2024-04-24 09:52:48,901 - root - INFO - rank 3, begin data loader init
2024-04-24 09:52:48,902 - root - INFO - rank 2, begin data loader init
2024-04-24 09:52:48,908 - root - INFO - Getting file stats from data/h5/train/1979_sfc.h5
2024-04-24 09:52:48,909 - root - INFO - Number of samples per year: 1460
2024-04-24 09:52:48,909 - root - INFO - Found data at path data/h5/train. Number of examples: 1460. Image Shape: 4 x 721 x 1440
2024-04-24 09:52:48,909 - root - INFO - Delta t: 6 hours
2024-04-24 09:52:48,909 - root - INFO - Including 0 hours of past history in training at a frequency of 6 hours
Traceback (most recent call last):
  File "/anvil/scratch/x-mzand/PanguWeather/train.py", line 490, in <module>
    trainer = Trainer(params, world_rank)
              ^^^^^^^^^^^^^^^^^^^^^^^^^^^
  File "/anvil/scratch/x-mzand/PanguWeather/train.py", line 47, in __init__
    self.valid_data_loader, self.valid_dataset = get_data_loader(
                                                 ^^^^^^^^^^^^^^^^
  File "/anvil/scratch/x-mzand/PanguWeather/utils/data_loader_multifiles.py", line 66, in get_data_loader
    dataset = GetDataset(params, files_pattern, train)
              ^^^^^^^^^^^^^^^^^^^^^^^^^^^^^^^^^^^^^^^^
  File "/anvil/scratch/x-mzand/PanguWeather/utils/data_loader_multifiles.py", line 92, in __init__
    self._get_files_stats()
  File "/anvil/scratch/x-mzand/PanguWeather/utils/data_loader_multifiles.py", line 108, in _get_files_stats
    with h5py.File(self.files_paths_sfc[0], 'r') as _f:
                   ~~~~~~~~~~~~~~~~~~~~^^^
IndexError: list index out of range
2024-04-24 09:52:48,912 - root - INFO - Getting file stats from data/h5/train/1979_sfc.h5
2024-04-24 09:52:48,912 - root - INFO - Getting file stats from data/h5/train/1979_sfc.h5
2024-04-24 09:52:48,913 - root - INFO - Number of samples per year: 1460
2024-04-24 09:52:48,913 - root - INFO - Found data at path data/h5/train. Number of examples: 1460. Image Shape: 4 x 721 x 1440
2024-04-24 09:52:48,913 - root - INFO - Delta t: 6 hours
2024-04-24 09:52:48,913 - root - INFO - Including 0 hours of past history in training at a frequency of 6 hours
2024-04-24 09:52:48,913 - root - INFO - Number of samples per year: 1460
2024-04-24 09:52:48,913 - root - INFO - Found data at path data/h5/train. Number of examples: 1460. Image Shape: 4 x 721 x 1440
2024-04-24 09:52:48,913 - root - INFO - Delta t: 6 hours
2024-04-24 09:52:48,913 - root - INFO - Including 0 hours of past history in training at a frequency of 6 hours
Traceback (most recent call last):
  File "/anvil/scratch/x-mzand/PanguWeather/train.py", line 490, in <module>
    trainer = Trainer(params, world_rank)
              ^^^^^^^^^^^^^^^^^^^^^^^^^^^
  File "/anvil/scratch/x-mzand/PanguWeather/train.py", line 47, in __init__
    self.valid_data_loader, self.valid_dataset = get_data_loader(
                                                 ^^^^^^^^^^^^^^^^
  File "/anvil/scratch/x-mzand/PanguWeather/utils/data_loader_multifiles.py", line 66, in get_data_loader
Traceback (most recent call last):
  File "/anvil/scratch/x-mzand/PanguWeather/train.py", line 490, in <module>
    dataset = GetDataset(params, files_pattern, train)
              ^^^^^^^^^^^^^^^^^^^^^^^^^^^^^^^^^^^^^^^^
  File "/anvil/scratch/x-mzand/PanguWeather/utils/data_loader_multifiles.py", line 92, in __init__
    trainer = Trainer(params, world_rank)
    self._get_files_stats()
  File "/anvil/scratch/x-mzand/PanguWeather/utils/data_loader_multifiles.py", line 108, in _get_files_stats
              ^^^^^^^^^^^^^^^^^^^^^^^^^^^
  File "/anvil/scratch/x-mzand/PanguWeather/train.py", line 47, in __init__
    self.valid_data_loader, self.valid_dataset = get_data_loader(
    with h5py.File(self.files_paths_sfc[0], 'r') as _f:
                                                 ^^^^^^^^^^^^^^^^
  File "/anvil/scratch/x-mzand/PanguWeather/utils/data_loader_multifiles.py", line 66, in get_data_loader
                   ~~~~~~~~~~~~~~~~~~~~^^^
IndexError: list index out of range
    dataset = GetDataset(params, files_pattern, train)
              ^^^^^^^^^^^^^^^^^^^^^^^^^^^^^^^^^^^^^^^^
  File "/anvil/scratch/x-mzand/PanguWeather/utils/data_loader_multifiles.py", line 92, in __init__
    self._get_files_stats()
  File "/anvil/scratch/x-mzand/PanguWeather/utils/data_loader_multifiles.py", line 108, in _get_files_stats
    with h5py.File(self.files_paths_sfc[0], 'r') as _f:
                   ~~~~~~~~~~~~~~~~~~~~^^^
IndexError: list index out of range
srun: error: g008: task 0: Exited with exit code 1
srun: error: g008: tasks 1,3: Exited with exit code 1
srun: error: g008: task 2: Exited with exit code 1
